<?xml version="1.0" encoding="UTF-8"?>
<!-- Generated by org.testng.reporters.JUnitXMLReporter -->
<testsuite ignored="0" hostname="DESKTOP-HR5OPSO" failures="1" tests="4" name="ResumeTracker" time="41.231" errors="0" timestamp="2020-11-16T16:23:26 IST">
  <testcase classname="org.AcurusResume.PageTest.LoginTest" name="Logintest" time="6.548">
    <skipped/>
  </testcase> <!-- Logintest -->
  <testcase classname="org.AcurusResume.PageTest.LoginTest" name="Logintest" time="4.174">
    <skipped/>
  </testcase> <!-- Logintest -->
  <testcase classname="org.AcurusResume.PageTest.LoginTest" name="Logintest" time="3.409">
    <skipped/>
  </testcase> <!-- Logintest -->
  <testcase classname="org.AcurusResume.PageTest.LoginTest" name="Logintest" time="3.544">
    <failure type="java.lang.AssertionError" message="expected [true] but found [false]">
      <![CDATA[java.lang.AssertionError: expected [true] but found [false]
at org.AcurusResume.PageTest.LoginTest.Logintest(LoginTest.java:41)
at java.base/java.util.ArrayList.forEach(ArrayList.java:1511)
... Removed 35 stack frames]]>
    </failure>
  </testcase> <!-- Logintest -->
</testsuite> <!-- ResumeTracker -->
